\BOOKMARK [1][-]{section.1}{Introduction}{}% 1
\BOOKMARK [1][-]{section.2}{Radiation from moving charges}{}% 2
\BOOKMARK [2][-]{subsection.2.1}{Thomson scattering}{section.2}% 3
\BOOKMARK [3][-]{subsubsection.2.1.1}{Optical depth and Thomson cross section}{subsection.2.1}% 4
\BOOKMARK [3][-]{subsubsection.2.1.2}{Additional comments on Thomson scattering}{subsection.2.1}% 5
\BOOKMARK [2][-]{subsection.2.2}{Eddington limit}{section.2}% 6
\BOOKMARK [2][-]{subsection.2.3}{Plasma effects}{section.2}% 7
\BOOKMARK [2][-]{subsection.2.4}{Faraday rotation}{section.2}% 8
\BOOKMARK [1][-]{section.3}{Fourier transforms and convolutions}{}% 9
\BOOKMARK [2][-]{subsection.3.1}{Fourier transforms}{section.3}% 10
\BOOKMARK [3][-]{subsubsection.3.1.1}{Symmetry: oddness and evenness}{subsection.3.1}% 11
\BOOKMARK [2][-]{subsection.3.2}{Complex conjugates}{section.3}% 12
\BOOKMARK [2][-]{subsection.3.3}{Cosine and sine transforms}{section.3}% 13
\BOOKMARK [2][-]{subsection.3.4}{Convolution}{section.3}% 14
\BOOKMARK [2][-]{subsection.3.5}{Auto-correlation function}{section.3}% 15
\BOOKMARK [2][-]{subsection.3.6}{Impulse Symbol}{section.3}% 16
\BOOKMARK [1][-]{section.4}{Signal processing and receivers: theory}{}% 17
\BOOKMARK [1][-]{section.5}{Practical receiver systems}{}% 18
\BOOKMARK [1][-]{section.6}{Practical aspects of filled aperture antennas}{}% 19
\BOOKMARK [1][-]{section.7}{Single dish observational methods}{}% 20
\BOOKMARK [2][-]{subsection.7.1}{Atmosphere}{section.7}% 21
\BOOKMARK [2][-]{subsection.7.2}{Calibration procedures}{section.7}% 22
\BOOKMARK [2][-]{subsection.7.3}{Continuum observing strategies}{section.7}% 23
\BOOKMARK [2][-]{subsection.7.4}{Spectral line observations: additional requirements}{section.7}% 24
\BOOKMARK [1][-]{section.8}{Interferometers and aperture synthesis}{}% 25
\BOOKMARK [1][-]{section.9}{Radiation processes}{}% 26
\BOOKMARK [2][-]{subsection.9.1}{Bremsstrahlung radiation}{section.9}% 27
\BOOKMARK [3][-]{subsubsection.9.1.1}{Emission for single-speed electrons}{subsection.9.1}% 28
\BOOKMARK [3][-]{subsubsection.9.1.2}{Determining the total spectrum}{subsection.9.1}% 29
\BOOKMARK [3][-]{subsubsection.9.1.3}{Velocity distribution}{subsection.9.1}% 30
\BOOKMARK [2][-]{subsection.9.2}{Synchrotron radiation}{section.9}% 31
